2024-06-17T13:51:58.535-06:00  INFO 14988 --- [inventarios] [main] c.m.inventarios.InventariosApplication   : Starting InventariosApplication using Java 17.0.9 with PID 14988 (D:\DOCUMENTS\GaracheProjects\Learning-Java\spring-guides\inventarios\target\classes started by schir in D:\DOCUMENTS\GaracheProjects\Learning-Java\spring-guides\inventarios)
2024-06-17T13:51:58.636-06:00  INFO 14988 --- [inventarios] [main] c.m.inventarios.InventariosApplication   : No active profile set, falling back to 1 default profile: "default"
2024-06-17T13:52:12.020-06:00  INFO 14988 --- [inventarios] [main] .s.d.r.c.RepositoryConfigurationDelegate : Bootstrapping Spring Data JPA repositories in DEFAULT mode.
2024-06-17T13:52:12.785-06:00  INFO 14988 --- [inventarios] [main] .s.d.r.c.RepositoryConfigurationDelegate : Finished Spring Data repository scanning in 506 ms. Found 12 JPA repository interfaces.
2024-06-17T13:52:17.800-06:00  INFO 14988 --- [inventarios] [main] o.s.b.w.embedded.tomcat.TomcatWebServer  : Tomcat initialized with port 8080 (http)
2024-06-17T13:52:17.909-06:00  INFO 14988 --- [inventarios] [main] o.apache.catalina.core.StandardService   : Starting service [Tomcat]
2024-06-17T13:52:17.910-06:00  INFO 14988 --- [inventarios] [main] o.apache.catalina.core.StandardEngine    : Starting Servlet engine: [Apache Tomcat/10.1.24]
2024-06-17T13:52:18.161-06:00  INFO 14988 --- [inventarios] [main] o.a.c.c.C.[Tomcat].[localhost].[/]       : Initializing Spring embedded WebApplicationContext
2024-06-17T13:52:18.162-06:00  INFO 14988 --- [inventarios] [main] w.s.c.ServletWebServerApplicationContext : Root WebApplicationContext: initialization completed in 18978 ms
2024-06-17T13:52:19.002-06:00  INFO 14988 --- [inventarios] [main] com.zaxxer.hikari.HikariDataSource       : HikariPool-1 - Starting...
2024-06-17T13:52:21.078-06:00  INFO 14988 --- [inventarios] [main] com.zaxxer.hikari.pool.HikariPool        : HikariPool-1 - Added connection com.mysql.cj.jdbc.ConnectionImpl@2f4d32bf
2024-06-17T13:52:21.082-06:00  INFO 14988 --- [inventarios] [main] com.zaxxer.hikari.HikariDataSource       : HikariPool-1 - Start completed.
2024-06-17T13:52:21.305-06:00  INFO 14988 --- [inventarios] [main] o.hibernate.jpa.internal.util.LogHelper  : HHH000204: Processing PersistenceUnitInfo [name: default]
2024-06-17T13:52:21.689-06:00  INFO 14988 --- [inventarios] [main] org.hibernate.Version                    : HHH000412: Hibernate ORM core version 6.4.8.Final
2024-06-17T13:52:21.921-06:00  INFO 14988 --- [inventarios] [main] o.h.c.internal.RegionFactoryInitiator    : HHH000026: Second-level cache disabled
2024-06-17T13:52:23.500-06:00  INFO 14988 --- [inventarios] [main] o.s.o.j.p.SpringPersistenceUnitInfo      : No LoadTimeWeaver setup: ignoring JPA class transformer
2024-06-17T13:52:28.881-06:00  INFO 14988 --- [inventarios] [main] o.h.e.t.j.p.i.JtaPlatformInitiator       : HHH000489: No JTA platform available (set 'hibernate.transaction.jta.platform' to enable JTA platform integration)
2024-06-17T13:52:28.887-06:00  INFO 14988 --- [inventarios] [main] j.LocalContainerEntityManagerFactoryBean : Initialized JPA EntityManagerFactory for persistence unit 'default'
2024-06-17T13:52:29.858-06:00  WARN 14988 --- [inventarios] [main] ConfigServletWebServerApplicationContext : Exception encountered during context initialization - cancelling refresh attempt: org.springframework.beans.factory.UnsatisfiedDependencyException: Error creating bean with name 'inventarioController' defined in file [D:\DOCUMENTS\GaracheProjects\Learning-Java\spring-guides\inventarios\target\classes\com\muebleria\inventarios\controllers\InventarioController.class]: Unsatisfied dependency expressed through constructor parameter 0: No qualifying bean of type 'com.muebleria.inventarios.services.InventarioService' available: expected at least 1 bean which qualifies as autowire candidate. Dependency annotations: {}
2024-06-17T13:52:29.859-06:00  INFO 14988 --- [inventarios] [main] j.LocalContainerEntityManagerFactoryBean : Closing JPA EntityManagerFactory for persistence unit 'default'
2024-06-17T13:52:29.872-06:00  INFO 14988 --- [inventarios] [main] com.zaxxer.hikari.HikariDataSource       : HikariPool-1 - Shutdown initiated...
2024-06-17T13:52:29.956-06:00  INFO 14988 --- [inventarios] [main] com.zaxxer.hikari.HikariDataSource       : HikariPool-1 - Shutdown completed.
2024-06-17T13:52:29.959-06:00  INFO 14988 --- [inventarios] [main] o.apache.catalina.core.StandardService   : Stopping service [Tomcat]
2024-06-17T13:52:30.117-06:00  INFO 14988 --- [inventarios] [main] .s.b.a.l.ConditionEvaluationReportLogger : 

Error starting ApplicationContext. To display the condition evaluation report re-run your application with 'debug' enabled.
2024-06-17T13:52:30.216-06:00 ERROR 14988 --- [inventarios] [main] o.s.b.d.LoggingFailureAnalysisReporter   : 

***************************
APPLICATION FAILED TO START
***************************

Description:

Parameter 0 of constructor in com.muebleria.inventarios.controllers.InventarioController required a bean of type 'com.muebleria.inventarios.services.InventarioService' that could not be found.


Action:

Consider defining a bean of type 'com.muebleria.inventarios.services.InventarioService' in your configuration.

2024-06-17T13:58:24.892-06:00  INFO 11636 --- [inventarios] [main] c.m.inventarios.InventariosApplication   : Starting InventariosApplication using Java 17.0.9 with PID 11636 (D:\DOCUMENTS\GaracheProjects\Learning-Java\spring-guides\inventarios\target\classes started by schir in D:\DOCUMENTS\GaracheProjects\Learning-Java\spring-guides\inventarios)
2024-06-17T13:58:24.896-06:00  INFO 11636 --- [inventarios] [main] c.m.inventarios.InventariosApplication   : No active profile set, falling back to 1 default profile: "default"
2024-06-17T13:58:33.796-06:00  INFO 11636 --- [inventarios] [main] .s.d.r.c.RepositoryConfigurationDelegate : Bootstrapping Spring Data JPA repositories in DEFAULT mode.
2024-06-17T13:58:34.110-06:00  INFO 11636 --- [inventarios] [main] .s.d.r.c.RepositoryConfigurationDelegate : Finished Spring Data repository scanning in 245 ms. Found 12 JPA repository interfaces.
2024-06-17T13:58:36.918-06:00  INFO 11636 --- [inventarios] [main] o.s.b.w.embedded.tomcat.TomcatWebServer  : Tomcat initialized with port 8080 (http)
2024-06-17T13:58:36.984-06:00  INFO 11636 --- [inventarios] [main] o.apache.catalina.core.StandardService   : Starting service [Tomcat]
2024-06-17T13:58:36.985-06:00  INFO 11636 --- [inventarios] [main] o.apache.catalina.core.StandardEngine    : Starting Servlet engine: [Apache Tomcat/10.1.24]
2024-06-17T13:58:37.256-06:00  INFO 11636 --- [inventarios] [main] o.a.c.c.C.[Tomcat].[localhost].[/]       : Initializing Spring embedded WebApplicationContext
2024-06-17T13:58:37.257-06:00  INFO 11636 --- [inventarios] [main] w.s.c.ServletWebServerApplicationContext : Root WebApplicationContext: initialization completed in 12204 ms
2024-06-17T13:58:37.954-06:00  INFO 11636 --- [inventarios] [main] com.zaxxer.hikari.HikariDataSource       : HikariPool-1 - Starting...
2024-06-17T13:58:40.423-06:00  INFO 11636 --- [inventarios] [main] com.zaxxer.hikari.pool.HikariPool        : HikariPool-1 - Added connection com.mysql.cj.jdbc.ConnectionImpl@7b297740
2024-06-17T13:58:40.427-06:00  INFO 11636 --- [inventarios] [main] com.zaxxer.hikari.HikariDataSource       : HikariPool-1 - Start completed.
2024-06-17T13:58:40.619-06:00  INFO 11636 --- [inventarios] [main] o.hibernate.jpa.internal.util.LogHelper  : HHH000204: Processing PersistenceUnitInfo [name: default]
2024-06-17T13:58:40.942-06:00  INFO 11636 --- [inventarios] [main] org.hibernate.Version                    : HHH000412: Hibernate ORM core version 6.4.8.Final
2024-06-17T13:58:41.104-06:00  INFO 11636 --- [inventarios] [main] o.h.c.internal.RegionFactoryInitiator    : HHH000026: Second-level cache disabled
2024-06-17T13:58:41.986-06:00  INFO 11636 --- [inventarios] [main] o.s.o.j.p.SpringPersistenceUnitInfo      : No LoadTimeWeaver setup: ignoring JPA class transformer
2024-06-17T13:58:44.764-06:00  INFO 11636 --- [inventarios] [main] o.h.e.t.j.p.i.JtaPlatformInitiator       : HHH000489: No JTA platform available (set 'hibernate.transaction.jta.platform' to enable JTA platform integration)
2024-06-17T13:58:44.769-06:00  INFO 11636 --- [inventarios] [main] j.LocalContainerEntityManagerFactoryBean : Initialized JPA EntityManagerFactory for persistence unit 'default'
2024-06-17T13:58:45.936-06:00  WARN 11636 --- [inventarios] [main] ConfigServletWebServerApplicationContext : Exception encountered during context initialization - cancelling refresh attempt: org.springframework.beans.factory.UnsatisfiedDependencyException: Error creating bean with name 'inventarioController' defined in file [D:\DOCUMENTS\GaracheProjects\Learning-Java\spring-guides\inventarios\target\classes\com\muebleria\inventarios\controllers\InventarioController.class]: Unsatisfied dependency expressed through constructor parameter 0: No qualifying bean of type 'com.muebleria.inventarios.services.InventarioService' available: expected at least 1 bean which qualifies as autowire candidate. Dependency annotations: {}
2024-06-17T13:58:45.937-06:00  INFO 11636 --- [inventarios] [main] j.LocalContainerEntityManagerFactoryBean : Closing JPA EntityManagerFactory for persistence unit 'default'
2024-06-17T13:58:45.955-06:00  INFO 11636 --- [inventarios] [main] com.zaxxer.hikari.HikariDataSource       : HikariPool-1 - Shutdown initiated...
2024-06-17T13:58:45.972-06:00  INFO 11636 --- [inventarios] [main] com.zaxxer.hikari.HikariDataSource       : HikariPool-1 - Shutdown completed.
2024-06-17T13:58:45.975-06:00  INFO 11636 --- [inventarios] [main] o.apache.catalina.core.StandardService   : Stopping service [Tomcat]
2024-06-17T13:58:45.998-06:00  INFO 11636 --- [inventarios] [main] .s.b.a.l.ConditionEvaluationReportLogger : 

Error starting ApplicationContext. To display the condition evaluation report re-run your application with 'debug' enabled.
2024-06-17T13:58:46.136-06:00 ERROR 11636 --- [inventarios] [main] o.s.b.d.LoggingFailureAnalysisReporter   : 

***************************
APPLICATION FAILED TO START
***************************

Description:

Parameter 0 of constructor in com.muebleria.inventarios.controllers.InventarioController required a bean of type 'com.muebleria.inventarios.services.InventarioService' that could not be found.


Action:

Consider defining a bean of type 'com.muebleria.inventarios.services.InventarioService' in your configuration.

2024-06-17T13:59:31.638-06:00  INFO 8780 --- [inventarios] [main] c.m.inventarios.InventariosApplication   : Starting InventariosApplication using Java 17.0.9 with PID 8780 (D:\DOCUMENTS\GaracheProjects\Learning-Java\spring-guides\inventarios\target\classes started by schir in D:\DOCUMENTS\GaracheProjects\Learning-Java\spring-guides\inventarios)
2024-06-17T13:59:31.642-06:00  INFO 8780 --- [inventarios] [main] c.m.inventarios.InventariosApplication   : No active profile set, falling back to 1 default profile: "default"
2024-06-17T13:59:33.974-06:00  INFO 8780 --- [inventarios] [main] .s.d.r.c.RepositoryConfigurationDelegate : Bootstrapping Spring Data JPA repositories in DEFAULT mode.
2024-06-17T13:59:34.183-06:00  INFO 8780 --- [inventarios] [main] .s.d.r.c.RepositoryConfigurationDelegate : Finished Spring Data repository scanning in 191 ms. Found 12 JPA repository interfaces.
2024-06-17T13:59:39.008-06:00  INFO 8780 --- [inventarios] [main] o.s.b.w.embedded.tomcat.TomcatWebServer  : Tomcat initialized with port 8080 (http)
2024-06-17T13:59:39.193-06:00  INFO 8780 --- [inventarios] [main] o.apache.catalina.core.StandardService   : Starting service [Tomcat]
2024-06-17T13:59:39.194-06:00  INFO 8780 --- [inventarios] [main] o.apache.catalina.core.StandardEngine    : Starting Servlet engine: [Apache Tomcat/10.1.24]
2024-06-17T13:59:39.714-06:00  INFO 8780 --- [inventarios] [main] o.a.c.c.C.[Tomcat].[localhost].[/]       : Initializing Spring embedded WebApplicationContext
2024-06-17T13:59:39.715-06:00  INFO 8780 --- [inventarios] [main] w.s.c.ServletWebServerApplicationContext : Root WebApplicationContext: initialization completed in 7909 ms
2024-06-17T13:59:42.259-06:00  INFO 8780 --- [inventarios] [main] com.zaxxer.hikari.HikariDataSource       : HikariPool-1 - Starting...
2024-06-17T13:59:45.561-06:00  INFO 8780 --- [inventarios] [main] com.zaxxer.hikari.pool.HikariPool        : HikariPool-1 - Added connection com.mysql.cj.jdbc.ConnectionImpl@1b7554d4
2024-06-17T13:59:45.565-06:00  INFO 8780 --- [inventarios] [main] com.zaxxer.hikari.HikariDataSource       : HikariPool-1 - Start completed.
2024-06-17T13:59:46.651-06:00  INFO 8780 --- [inventarios] [main] o.hibernate.jpa.internal.util.LogHelper  : HHH000204: Processing PersistenceUnitInfo [name: default]
2024-06-17T13:59:47.722-06:00  INFO 8780 --- [inventarios] [main] org.hibernate.Version                    : HHH000412: Hibernate ORM core version 6.4.8.Final
2024-06-17T13:59:48.068-06:00  INFO 8780 --- [inventarios] [main] o.h.c.internal.RegionFactoryInitiator    : HHH000026: Second-level cache disabled
2024-06-17T13:59:49.997-06:00  INFO 8780 --- [inventarios] [main] o.s.o.j.p.SpringPersistenceUnitInfo      : No LoadTimeWeaver setup: ignoring JPA class transformer
2024-06-17T13:59:52.796-06:00  INFO 8780 --- [inventarios] [main] o.h.e.t.j.p.i.JtaPlatformInitiator       : HHH000489: No JTA platform available (set 'hibernate.transaction.jta.platform' to enable JTA platform integration)
2024-06-17T13:59:52.800-06:00  INFO 8780 --- [inventarios] [main] j.LocalContainerEntityManagerFactoryBean : Initialized JPA EntityManagerFactory for persistence unit 'default'
2024-06-17T13:59:53.834-06:00  WARN 8780 --- [inventarios] [main] ConfigServletWebServerApplicationContext : Exception encountered during context initialization - cancelling refresh attempt: org.springframework.beans.factory.UnsatisfiedDependencyException: Error creating bean with name 'inventarioController' defined in file [D:\DOCUMENTS\GaracheProjects\Learning-Java\spring-guides\inventarios\target\classes\com\muebleria\inventarios\controllers\InventarioController.class]: Unsatisfied dependency expressed through constructor parameter 0: No qualifying bean of type 'com.muebleria.inventarios.services.InventarioService' available: expected at least 1 bean which qualifies as autowire candidate. Dependency annotations: {}
2024-06-17T13:59:53.835-06:00  INFO 8780 --- [inventarios] [main] j.LocalContainerEntityManagerFactoryBean : Closing JPA EntityManagerFactory for persistence unit 'default'
2024-06-17T13:59:53.876-06:00  INFO 8780 --- [inventarios] [main] com.zaxxer.hikari.HikariDataSource       : HikariPool-1 - Shutdown initiated...
2024-06-17T13:59:53.891-06:00  INFO 8780 --- [inventarios] [main] com.zaxxer.hikari.HikariDataSource       : HikariPool-1 - Shutdown completed.
2024-06-17T13:59:53.894-06:00  INFO 8780 --- [inventarios] [main] o.apache.catalina.core.StandardService   : Stopping service [Tomcat]
2024-06-17T13:59:53.931-06:00  INFO 8780 --- [inventarios] [main] .s.b.a.l.ConditionEvaluationReportLogger : 

Error starting ApplicationContext. To display the condition evaluation report re-run your application with 'debug' enabled.
2024-06-17T13:59:54.086-06:00 ERROR 8780 --- [inventarios] [main] o.s.b.d.LoggingFailureAnalysisReporter   : 

***************************
APPLICATION FAILED TO START
***************************

Description:

Parameter 0 of constructor in com.muebleria.inventarios.controllers.InventarioController required a bean of type 'com.muebleria.inventarios.services.InventarioService' that could not be found.


Action:

Consider defining a bean of type 'com.muebleria.inventarios.services.InventarioService' in your configuration.

2024-06-17T14:01:15.317-06:00  INFO 15432 --- [inventarios] [main] c.m.inventarios.InventariosApplication   : Starting InventariosApplication using Java 17.0.9 with PID 15432 (D:\DOCUMENTS\GaracheProjects\Learning-Java\spring-guides\inventarios\target\classes started by schir in D:\DOCUMENTS\GaracheProjects\Learning-Java\spring-guides\inventarios)
2024-06-17T14:01:15.321-06:00  INFO 15432 --- [inventarios] [main] c.m.inventarios.InventariosApplication   : No active profile set, falling back to 1 default profile: "default"
2024-06-17T14:01:24.394-06:00  INFO 15432 --- [inventarios] [main] .s.d.r.c.RepositoryConfigurationDelegate : Bootstrapping Spring Data JPA repositories in DEFAULT mode.
2024-06-17T14:01:24.942-06:00  INFO 15432 --- [inventarios] [main] .s.d.r.c.RepositoryConfigurationDelegate : Finished Spring Data repository scanning in 466 ms. Found 12 JPA repository interfaces.
2024-06-17T14:01:28.273-06:00  INFO 15432 --- [inventarios] [main] o.s.b.w.embedded.tomcat.TomcatWebServer  : Tomcat initialized with port 8080 (http)
2024-06-17T14:01:28.324-06:00  INFO 15432 --- [inventarios] [main] o.apache.catalina.core.StandardService   : Starting service [Tomcat]
2024-06-17T14:01:28.325-06:00  INFO 15432 --- [inventarios] [main] o.apache.catalina.core.StandardEngine    : Starting Servlet engine: [Apache Tomcat/10.1.24]
2024-06-17T14:01:28.684-06:00  INFO 15432 --- [inventarios] [main] o.a.c.c.C.[Tomcat].[localhost].[/]       : Initializing Spring embedded WebApplicationContext
2024-06-17T14:01:28.685-06:00  INFO 15432 --- [inventarios] [main] w.s.c.ServletWebServerApplicationContext : Root WebApplicationContext: initialization completed in 13076 ms
2024-06-17T14:01:29.534-06:00  INFO 15432 --- [inventarios] [main] com.zaxxer.hikari.HikariDataSource       : HikariPool-1 - Starting...
2024-06-17T14:01:30.939-06:00  INFO 15432 --- [inventarios] [main] com.zaxxer.hikari.pool.HikariPool        : HikariPool-1 - Added connection com.mysql.cj.jdbc.ConnectionImpl@53016b11
2024-06-17T14:01:30.946-06:00  INFO 15432 --- [inventarios] [main] com.zaxxer.hikari.HikariDataSource       : HikariPool-1 - Start completed.
2024-06-17T14:01:31.663-06:00  INFO 15432 --- [inventarios] [main] o.hibernate.jpa.internal.util.LogHelper  : HHH000204: Processing PersistenceUnitInfo [name: default]
2024-06-17T14:01:32.024-06:00  INFO 15432 --- [inventarios] [main] org.hibernate.Version                    : HHH000412: Hibernate ORM core version 6.4.8.Final
2024-06-17T14:01:32.212-06:00  INFO 15432 --- [inventarios] [main] o.h.c.internal.RegionFactoryInitiator    : HHH000026: Second-level cache disabled
2024-06-17T14:01:33.151-06:00  INFO 15432 --- [inventarios] [main] o.s.o.j.p.SpringPersistenceUnitInfo      : No LoadTimeWeaver setup: ignoring JPA class transformer
2024-06-17T14:01:35.801-06:00  INFO 15432 --- [inventarios] [main] o.h.e.t.j.p.i.JtaPlatformInitiator       : HHH000489: No JTA platform available (set 'hibernate.transaction.jta.platform' to enable JTA platform integration)
2024-06-17T14:01:35.808-06:00  INFO 15432 --- [inventarios] [main] j.LocalContainerEntityManagerFactoryBean : Initialized JPA EntityManagerFactory for persistence unit 'default'
2024-06-17T14:01:37.059-06:00  INFO 15432 --- [inventarios] [main] o.s.d.j.r.query.QueryEnhancerFactory     : Hibernate is in classpath; If applicable, HQL parser will be used.
2024-06-17T14:01:37.625-06:00  WARN 15432 --- [inventarios] [main] JpaBaseConfiguration$JpaWebConfiguration : spring.jpa.open-in-view is enabled by default. Therefore, database queries may be performed during view rendering. Explicitly configure spring.jpa.open-in-view to disable this warning
2024-06-17T14:01:42.386-06:00  INFO 15432 --- [inventarios] [main] o.s.b.w.embedded.tomcat.TomcatWebServer  : Tomcat started on port 8080 (http) with context path ''
2024-06-17T14:01:42.453-06:00  INFO 15432 --- [inventarios] [main] c.m.inventarios.InventariosApplication   : Started InventariosApplication in 28.833 seconds (process running for 32.19)
2024-06-17T14:01:42.544-06:00  INFO 15432 --- [inventarios] [main] c.m.inventarios.InventariosApplication   : Se ha iniciado la aplicación
2024-06-17T14:15:32.056-06:00  INFO 15432 --- [inventarios] [http-nio-8080-exec-1] o.a.c.c.C.[Tomcat].[localhost].[/]       : Initializing Spring DispatcherServlet 'dispatcherServlet'
2024-06-17T14:15:32.057-06:00  INFO 15432 --- [inventarios] [http-nio-8080-exec-1] o.s.web.servlet.DispatcherServlet        : Initializing Servlet 'dispatcherServlet'
2024-06-17T14:15:32.060-06:00  INFO 15432 --- [inventarios] [http-nio-8080-exec-1] o.s.web.servlet.DispatcherServlet        : Completed initialization in 3 ms
2024-06-17T14:15:44.975-06:00  INFO 15432 --- [inventarios] [http-nio-8080-exec-10] o.springdoc.api.AbstractOpenApiResource  : Init duration for springdoc-openapi is: 4578 ms
2024-06-17T14:16:09.506-06:00 ERROR 15432 --- [inventarios] [http-nio-8080-exec-8] o.a.c.c.C.[.[.[/].[dispatcherServlet]    : Servlet.service() for servlet [dispatcherServlet] in context with path [] threw exception [Request processing failed: org.springframework.core.convert.ConverterNotFoundException: No converter found capable of converting from type [org.springframework.data.jpa.repository.query.AbstractJpaQuery$TupleConverter$TupleBackedMap] to type [com.muebleria.inventarios.modelos.InventarioReporte]] with root cause

org.springframework.core.convert.ConverterNotFoundException: No converter found capable of converting from type [org.springframework.data.jpa.repository.query.AbstractJpaQuery$TupleConverter$TupleBackedMap] to type [com.muebleria.inventarios.modelos.InventarioReporte]
	at org.springframework.core.convert.support.GenericConversionService.handleConverterNotFound(GenericConversionService.java:294) ~[spring-core-6.1.8.jar:6.1.8]
	at org.springframework.core.convert.support.GenericConversionService.convert(GenericConversionService.java:185) ~[spring-core-6.1.8.jar:6.1.8]
	at org.springframework.core.convert.support.GenericConversionService.convert(GenericConversionService.java:165) ~[spring-core-6.1.8.jar:6.1.8]
	at org.springframework.data.repository.query.ResultProcessor$ProjectingConverter.convert(ResultProcessor.java:305) ~[spring-data-commons-3.2.6.jar:3.2.6]
	at org.springframework.data.repository.query.ResultProcessor$ChainingConverter.lambda$and$0(ResultProcessor.java:233) ~[spring-data-commons-3.2.6.jar:3.2.6]
	at org.springframework.data.repository.query.ResultProcessor$ChainingConverter.convert(ResultProcessor.java:240) ~[spring-data-commons-3.2.6.jar:3.2.6]
	at org.springframework.data.repository.query.ResultProcessor.processResult(ResultProcessor.java:160) ~[spring-data-commons-3.2.6.jar:3.2.6]
	at org.springframework.data.jpa.repository.query.AbstractJpaQuery.doExecute(AbstractJpaQuery.java:152) ~[spring-data-jpa-3.2.6.jar:3.2.6]
	at org.springframework.data.jpa.repository.query.AbstractJpaQuery.execute(AbstractJpaQuery.java:137) ~[spring-data-jpa-3.2.6.jar:3.2.6]
	at org.springframework.data.repository.core.support.RepositoryMethodInvoker.doInvoke(RepositoryMethodInvoker.java:170) ~[spring-data-commons-3.2.6.jar:3.2.6]
	at org.springframework.data.repository.core.support.RepositoryMethodInvoker.invoke(RepositoryMethodInvoker.java:158) ~[spring-data-commons-3.2.6.jar:3.2.6]
	at org.springframework.data.repository.core.support.QueryExecutorMethodInterceptor.doInvoke(QueryExecutorMethodInterceptor.java:164) ~[spring-data-commons-3.2.6.jar:3.2.6]
	at org.springframework.data.repository.core.support.QueryExecutorMethodInterceptor.invoke(QueryExecutorMethodInterceptor.java:143) ~[spring-data-commons-3.2.6.jar:3.2.6]
	at org.springframework.aop.framework.ReflectiveMethodInvocation.proceed(ReflectiveMethodInvocation.java:184) ~[spring-aop-6.1.8.jar:6.1.8]
	at org.springframework.data.projection.DefaultMethodInvokingMethodInterceptor.invoke(DefaultMethodInvokingMethodInterceptor.java:70) ~[spring-data-commons-3.2.6.jar:3.2.6]
	at org.springframework.aop.framework.ReflectiveMethodInvocation.proceed(ReflectiveMethodInvocation.java:184) ~[spring-aop-6.1.8.jar:6.1.8]
	at org.springframework.transaction.interceptor.TransactionInterceptor$1.proceedWithInvocation(TransactionInterceptor.java:123) ~[spring-tx-6.1.8.jar:6.1.8]
	at org.springframework.transaction.interceptor.TransactionAspectSupport.invokeWithinTransaction(TransactionAspectSupport.java:392) ~[spring-tx-6.1.8.jar:6.1.8]
	at org.springframework.transaction.interceptor.TransactionInterceptor.invoke(TransactionInterceptor.java:119) ~[spring-tx-6.1.8.jar:6.1.8]
	at org.springframework.aop.framework.ReflectiveMethodInvocation.proceed(ReflectiveMethodInvocation.java:184) ~[spring-aop-6.1.8.jar:6.1.8]
	at org.springframework.dao.support.PersistenceExceptionTranslationInterceptor.invoke(PersistenceExceptionTranslationInterceptor.java:137) ~[spring-tx-6.1.8.jar:6.1.8]
	at org.springframework.aop.framework.ReflectiveMethodInvocation.proceed(ReflectiveMethodInvocation.java:184) ~[spring-aop-6.1.8.jar:6.1.8]
	at org.springframework.data.jpa.repository.support.CrudMethodMetadataPostProcessor$CrudMethodMetadataPopulatingMethodInterceptor.invoke(CrudMethodMetadataPostProcessor.java:135) ~[spring-data-jpa-3.2.6.jar:3.2.6]
	at org.springframework.aop.framework.ReflectiveMethodInvocation.proceed(ReflectiveMethodInvocation.java:184) ~[spring-aop-6.1.8.jar:6.1.8]
	at org.springframework.aop.interceptor.ExposeInvocationInterceptor.invoke(ExposeInvocationInterceptor.java:97) ~[spring-aop-6.1.8.jar:6.1.8]
	at org.springframework.aop.framework.ReflectiveMethodInvocation.proceed(ReflectiveMethodInvocation.java:184) ~[spring-aop-6.1.8.jar:6.1.8]
	at org.springframework.aop.framework.JdkDynamicAopProxy.invoke(JdkDynamicAopProxy.java:223) ~[spring-aop-6.1.8.jar:6.1.8]
	at jdk.proxy2/jdk.proxy2.$Proxy137.consultarInventario(Unknown Source) ~[na:na]
	at com.muebleria.inventarios.services.InventarioService.consultarInventario(InventarioService.java:32) ~[classes/:na]
	at com.muebleria.inventarios.controllers.InventarioController.getAll(InventarioController.java:41) ~[classes/:na]
	at java.base/jdk.internal.reflect.NativeMethodAccessorImpl.invoke0(Native Method) ~[na:na]
	at java.base/jdk.internal.reflect.NativeMethodAccessorImpl.invoke(NativeMethodAccessorImpl.java:77) ~[na:na]
	at java.base/jdk.internal.reflect.DelegatingMethodAccessorImpl.invoke(DelegatingMethodAccessorImpl.java:43) ~[na:na]
	at java.base/java.lang.reflect.Method.invoke(Method.java:568) ~[na:na]
	at org.springframework.web.method.support.InvocableHandlerMethod.doInvoke(InvocableHandlerMethod.java:255) ~[spring-web-6.1.8.jar:6.1.8]
	at org.springframework.web.method.support.InvocableHandlerMethod.invokeForRequest(InvocableHandlerMethod.java:188) ~[spring-web-6.1.8.jar:6.1.8]
	at org.springframework.web.servlet.mvc.method.annotation.ServletInvocableHandlerMethod.invokeAndHandle(ServletInvocableHandlerMethod.java:118) ~[spring-webmvc-6.1.8.jar:6.1.8]
	at org.springframework.web.servlet.mvc.method.annotation.RequestMappingHandlerAdapter.invokeHandlerMethod(RequestMappingHandlerAdapter.java:926) ~[spring-webmvc-6.1.8.jar:6.1.8]
	at org.springframework.web.servlet.mvc.method.annotation.RequestMappingHandlerAdapter.handleInternal(RequestMappingHandlerAdapter.java:831) ~[spring-webmvc-6.1.8.jar:6.1.8]
	at org.springframework.web.servlet.mvc.method.AbstractHandlerMethodAdapter.handle(AbstractHandlerMethodAdapter.java:87) ~[spring-webmvc-6.1.8.jar:6.1.8]
	at org.springframework.web.servlet.DispatcherServlet.doDispatch(DispatcherServlet.java:1089) ~[spring-webmvc-6.1.8.jar:6.1.8]
	at org.springframework.web.servlet.DispatcherServlet.doService(DispatcherServlet.java:979) ~[spring-webmvc-6.1.8.jar:6.1.8]
	at org.springframework.web.servlet.FrameworkServlet.processRequest(FrameworkServlet.java:1014) ~[spring-webmvc-6.1.8.jar:6.1.8]
	at org.springframework.web.servlet.FrameworkServlet.doGet(FrameworkServlet.java:903) ~[spring-webmvc-6.1.8.jar:6.1.8]
	at jakarta.servlet.http.HttpServlet.service(HttpServlet.java:564) ~[tomcat-embed-core-10.1.24.jar:6.0]
	at org.springframework.web.servlet.FrameworkServlet.service(FrameworkServlet.java:885) ~[spring-webmvc-6.1.8.jar:6.1.8]
	at jakarta.servlet.http.HttpServlet.service(HttpServlet.java:658) ~[tomcat-embed-core-10.1.24.jar:6.0]
	at org.apache.catalina.core.ApplicationFilterChain.internalDoFilter(ApplicationFilterChain.java:195) ~[tomcat-embed-core-10.1.24.jar:10.1.24]
	at org.apache.catalina.core.ApplicationFilterChain.doFilter(ApplicationFilterChain.java:140) ~[tomcat-embed-core-10.1.24.jar:10.1.24]
	at org.apache.tomcat.websocket.server.WsFilter.doFilter(WsFilter.java:51) ~[tomcat-embed-websocket-10.1.24.jar:10.1.24]
	at org.apache.catalina.core.ApplicationFilterChain.internalDoFilter(ApplicationFilterChain.java:164) ~[tomcat-embed-core-10.1.24.jar:10.1.24]
	at org.apache.catalina.core.ApplicationFilterChain.doFilter(ApplicationFilterChain.java:140) ~[tomcat-embed-core-10.1.24.jar:10.1.24]
	at org.springframework.web.filter.RequestContextFilter.doFilterInternal(RequestContextFilter.java:100) ~[spring-web-6.1.8.jar:6.1.8]
	at org.springframework.web.filter.OncePerRequestFilter.doFilter(OncePerRequestFilter.java:116) ~[spring-web-6.1.8.jar:6.1.8]
	at org.apache.catalina.core.ApplicationFilterChain.internalDoFilter(ApplicationFilterChain.java:164) ~[tomcat-embed-core-10.1.24.jar:10.1.24]
	at org.apache.catalina.core.ApplicationFilterChain.doFilter(ApplicationFilterChain.java:140) ~[tomcat-embed-core-10.1.24.jar:10.1.24]
	at org.springframework.web.filter.FormContentFilter.doFilterInternal(FormContentFilter.java:93) ~[spring-web-6.1.8.jar:6.1.8]
	at org.springframework.web.filter.OncePerRequestFilter.doFilter(OncePerRequestFilter.java:116) ~[spring-web-6.1.8.jar:6.1.8]
	at org.apache.catalina.core.ApplicationFilterChain.internalDoFilter(ApplicationFilterChain.java:164) ~[tomcat-embed-core-10.1.24.jar:10.1.24]
	at org.apache.catalina.core.ApplicationFilterChain.doFilter(ApplicationFilterChain.java:140) ~[tomcat-embed-core-10.1.24.jar:10.1.24]
	at org.springframework.web.filter.CharacterEncodingFilter.doFilterInternal(CharacterEncodingFilter.java:201) ~[spring-web-6.1.8.jar:6.1.8]
	at org.springframework.web.filter.OncePerRequestFilter.doFilter(OncePerRequestFilter.java:116) ~[spring-web-6.1.8.jar:6.1.8]
	at org.apache.catalina.core.ApplicationFilterChain.internalDoFilter(ApplicationFilterChain.java:164) ~[tomcat-embed-core-10.1.24.jar:10.1.24]
	at org.apache.catalina.core.ApplicationFilterChain.doFilter(ApplicationFilterChain.java:140) ~[tomcat-embed-core-10.1.24.jar:10.1.24]
	at org.apache.catalina.core.StandardWrapperValve.invoke(StandardWrapperValve.java:167) ~[tomcat-embed-core-10.1.24.jar:10.1.24]
	at org.apache.catalina.core.StandardContextValve.invoke(StandardContextValve.java:90) ~[tomcat-embed-core-10.1.24.jar:10.1.24]
	at org.apache.catalina.authenticator.AuthenticatorBase.invoke(AuthenticatorBase.java:482) ~[tomcat-embed-core-10.1.24.jar:10.1.24]
	at org.apache.catalina.core.StandardHostValve.invoke(StandardHostValve.java:115) ~[tomcat-embed-core-10.1.24.jar:10.1.24]
	at org.apache.catalina.valves.ErrorReportValve.invoke(ErrorReportValve.java:93) ~[tomcat-embed-core-10.1.24.jar:10.1.24]
	at org.apache.catalina.core.StandardEngineValve.invoke(StandardEngineValve.java:74) ~[tomcat-embed-core-10.1.24.jar:10.1.24]
	at org.apache.catalina.connector.CoyoteAdapter.service(CoyoteAdapter.java:344) ~[tomcat-embed-core-10.1.24.jar:10.1.24]
	at org.apache.coyote.http11.Http11Processor.service(Http11Processor.java:389) ~[tomcat-embed-core-10.1.24.jar:10.1.24]
	at org.apache.coyote.AbstractProcessorLight.process(AbstractProcessorLight.java:63) ~[tomcat-embed-core-10.1.24.jar:10.1.24]
	at org.apache.coyote.AbstractProtocol$ConnectionHandler.process(AbstractProtocol.java:896) ~[tomcat-embed-core-10.1.24.jar:10.1.24]
	at org.apache.tomcat.util.net.NioEndpoint$SocketProcessor.doRun(NioEndpoint.java:1741) ~[tomcat-embed-core-10.1.24.jar:10.1.24]
	at org.apache.tomcat.util.net.SocketProcessorBase.run(SocketProcessorBase.java:52) ~[tomcat-embed-core-10.1.24.jar:10.1.24]
	at org.apache.tomcat.util.threads.ThreadPoolExecutor.runWorker(ThreadPoolExecutor.java:1190) ~[tomcat-embed-core-10.1.24.jar:10.1.24]
	at org.apache.tomcat.util.threads.ThreadPoolExecutor$Worker.run(ThreadPoolExecutor.java:659) ~[tomcat-embed-core-10.1.24.jar:10.1.24]
	at org.apache.tomcat.util.threads.TaskThread$WrappingRunnable.run(TaskThread.java:63) ~[tomcat-embed-core-10.1.24.jar:10.1.24]
	at java.base/java.lang.Thread.run(Thread.java:842) ~[na:na]

2024-06-17T14:17:45.444-06:00  INFO 15432 --- [inventarios] [SpringApplicationShutdownHook] j.LocalContainerEntityManagerFactoryBean : Closing JPA EntityManagerFactory for persistence unit 'default'
2024-06-17T14:17:45.503-06:00  INFO 15432 --- [inventarios] [SpringApplicationShutdownHook] com.zaxxer.hikari.HikariDataSource       : HikariPool-1 - Shutdown initiated...
2024-06-17T14:17:45.674-06:00  INFO 15432 --- [inventarios] [SpringApplicationShutdownHook] com.zaxxer.hikari.HikariDataSource       : HikariPool-1 - Shutdown completed.
2024-06-17T14:21:11.835-06:00  INFO 19136 --- [inventarios] [main] c.m.inventarios.InventariosApplication   : Starting InventariosApplication using Java 17.0.9 with PID 19136 (D:\DOCUMENTS\GaracheProjects\Learning-Java\spring-guides\inventarios\target\classes started by schir in D:\DOCUMENTS\GaracheProjects\Learning-Java\spring-guides\inventarios)
2024-06-17T14:21:11.840-06:00  INFO 19136 --- [inventarios] [main] c.m.inventarios.InventariosApplication   : No active profile set, falling back to 1 default profile: "default"
2024-06-17T14:21:15.718-06:00  INFO 19136 --- [inventarios] [main] .s.d.r.c.RepositoryConfigurationDelegate : Bootstrapping Spring Data JPA repositories in DEFAULT mode.
2024-06-17T14:21:16.026-06:00  INFO 19136 --- [inventarios] [main] .s.d.r.c.RepositoryConfigurationDelegate : Finished Spring Data repository scanning in 253 ms. Found 12 JPA repository interfaces.
2024-06-17T14:21:20.862-06:00  INFO 19136 --- [inventarios] [main] o.s.b.w.embedded.tomcat.TomcatWebServer  : Tomcat initialized with port 8080 (http)
2024-06-17T14:21:20.932-06:00  INFO 19136 --- [inventarios] [main] o.apache.catalina.core.StandardService   : Starting service [Tomcat]
2024-06-17T14:21:20.933-06:00  INFO 19136 --- [inventarios] [main] o.apache.catalina.core.StandardEngine    : Starting Servlet engine: [Apache Tomcat/10.1.24]
2024-06-17T14:21:21.265-06:00  INFO 19136 --- [inventarios] [main] o.a.c.c.C.[Tomcat].[localhost].[/]       : Initializing Spring embedded WebApplicationContext
2024-06-17T14:21:21.266-06:00  INFO 19136 --- [inventarios] [main] w.s.c.ServletWebServerApplicationContext : Root WebApplicationContext: initialization completed in 9089 ms
2024-06-17T14:21:21.700-06:00  INFO 19136 --- [inventarios] [main] com.zaxxer.hikari.HikariDataSource       : HikariPool-1 - Starting...
2024-06-17T14:21:24.402-06:00  INFO 19136 --- [inventarios] [main] com.zaxxer.hikari.pool.HikariPool        : HikariPool-1 - Added connection com.mysql.cj.jdbc.ConnectionImpl@2f4d32bf
2024-06-17T14:21:24.406-06:00  INFO 19136 --- [inventarios] [main] com.zaxxer.hikari.HikariDataSource       : HikariPool-1 - Start completed.
2024-06-17T14:21:24.673-06:00  INFO 19136 --- [inventarios] [main] o.hibernate.jpa.internal.util.LogHelper  : HHH000204: Processing PersistenceUnitInfo [name: default]
2024-06-17T14:21:25.185-06:00  INFO 19136 --- [inventarios] [main] org.hibernate.Version                    : HHH000412: Hibernate ORM core version 6.4.8.Final
2024-06-17T14:21:25.534-06:00  INFO 19136 --- [inventarios] [main] o.h.c.internal.RegionFactoryInitiator    : HHH000026: Second-level cache disabled
2024-06-17T14:21:26.949-06:00  INFO 19136 --- [inventarios] [main] o.s.o.j.p.SpringPersistenceUnitInfo      : No LoadTimeWeaver setup: ignoring JPA class transformer
2024-06-17T14:21:30.692-06:00  INFO 19136 --- [inventarios] [main] o.h.e.t.j.p.i.JtaPlatformInitiator       : HHH000489: No JTA platform available (set 'hibernate.transaction.jta.platform' to enable JTA platform integration)
2024-06-17T14:21:30.697-06:00  INFO 19136 --- [inventarios] [main] j.LocalContainerEntityManagerFactoryBean : Initialized JPA EntityManagerFactory for persistence unit 'default'
2024-06-17T14:21:31.391-06:00  INFO 19136 --- [inventarios] [main] o.s.d.j.r.query.QueryEnhancerFactory     : Hibernate is in classpath; If applicable, HQL parser will be used.
2024-06-17T14:21:31.713-06:00  WARN 19136 --- [inventarios] [main] JpaBaseConfiguration$JpaWebConfiguration : spring.jpa.open-in-view is enabled by default. Therefore, database queries may be performed during view rendering. Explicitly configure spring.jpa.open-in-view to disable this warning
2024-06-17T14:21:32.827-06:00  INFO 19136 --- [inventarios] [main] o.s.b.w.embedded.tomcat.TomcatWebServer  : Tomcat started on port 8080 (http) with context path ''
2024-06-17T14:21:32.843-06:00  INFO 19136 --- [inventarios] [main] c.m.inventarios.InventariosApplication   : Started InventariosApplication in 23.603 seconds (process running for 27.791)
2024-06-17T14:21:33.056-06:00  INFO 19136 --- [inventarios] [main] c.m.inventarios.InventariosApplication   : Se ha iniciado la aplicación
2024-06-17T14:22:30.711-06:00  INFO 19136 --- [inventarios] [http-nio-8080-exec-1] o.a.c.c.C.[Tomcat].[localhost].[/]       : Initializing Spring DispatcherServlet 'dispatcherServlet'
2024-06-17T14:22:30.712-06:00  INFO 19136 --- [inventarios] [http-nio-8080-exec-1] o.s.web.servlet.DispatcherServlet        : Initializing Servlet 'dispatcherServlet'
2024-06-17T14:22:30.715-06:00  INFO 19136 --- [inventarios] [http-nio-8080-exec-1] o.s.web.servlet.DispatcherServlet        : Completed initialization in 2 ms
2024-06-17T14:22:31.627-06:00 ERROR 19136 --- [inventarios] [http-nio-8080-exec-1] o.a.c.c.C.[.[.[/].[dispatcherServlet]    : Servlet.service() for servlet [dispatcherServlet] in context with path [] threw exception [Request processing failed: org.springframework.core.convert.ConverterNotFoundException: No converter found capable of converting from type [org.springframework.data.jpa.repository.query.AbstractJpaQuery$TupleConverter$TupleBackedMap] to type [com.muebleria.inventarios.modelos.InventarioReporte]] with root cause

org.springframework.core.convert.ConverterNotFoundException: No converter found capable of converting from type [org.springframework.data.jpa.repository.query.AbstractJpaQuery$TupleConverter$TupleBackedMap] to type [com.muebleria.inventarios.modelos.InventarioReporte]
	at org.springframework.core.convert.support.GenericConversionService.handleConverterNotFound(GenericConversionService.java:294) ~[spring-core-6.1.8.jar:6.1.8]
	at org.springframework.core.convert.support.GenericConversionService.convert(GenericConversionService.java:185) ~[spring-core-6.1.8.jar:6.1.8]
	at org.springframework.core.convert.support.GenericConversionService.convert(GenericConversionService.java:165) ~[spring-core-6.1.8.jar:6.1.8]
	at org.springframework.data.repository.query.ResultProcessor$ProjectingConverter.convert(ResultProcessor.java:305) ~[spring-data-commons-3.2.6.jar:3.2.6]
	at org.springframework.data.repository.query.ResultProcessor$ChainingConverter.lambda$and$0(ResultProcessor.java:233) ~[spring-data-commons-3.2.6.jar:3.2.6]
	at org.springframework.data.repository.query.ResultProcessor$ChainingConverter.convert(ResultProcessor.java:240) ~[spring-data-commons-3.2.6.jar:3.2.6]
	at org.springframework.data.repository.query.ResultProcessor.processResult(ResultProcessor.java:160) ~[spring-data-commons-3.2.6.jar:3.2.6]
	at org.springframework.data.jpa.repository.query.AbstractJpaQuery.doExecute(AbstractJpaQuery.java:152) ~[spring-data-jpa-3.2.6.jar:3.2.6]
	at org.springframework.data.jpa.repository.query.AbstractJpaQuery.execute(AbstractJpaQuery.java:137) ~[spring-data-jpa-3.2.6.jar:3.2.6]
	at org.springframework.data.repository.core.support.RepositoryMethodInvoker.doInvoke(RepositoryMethodInvoker.java:170) ~[spring-data-commons-3.2.6.jar:3.2.6]
	at org.springframework.data.repository.core.support.RepositoryMethodInvoker.invoke(RepositoryMethodInvoker.java:158) ~[spring-data-commons-3.2.6.jar:3.2.6]
	at org.springframework.data.repository.core.support.QueryExecutorMethodInterceptor.doInvoke(QueryExecutorMethodInterceptor.java:164) ~[spring-data-commons-3.2.6.jar:3.2.6]
	at org.springframework.data.repository.core.support.QueryExecutorMethodInterceptor.invoke(QueryExecutorMethodInterceptor.java:143) ~[spring-data-commons-3.2.6.jar:3.2.6]
	at org.springframework.aop.framework.ReflectiveMethodInvocation.proceed(ReflectiveMethodInvocation.java:184) ~[spring-aop-6.1.8.jar:6.1.8]
	at org.springframework.data.projection.DefaultMethodInvokingMethodInterceptor.invoke(DefaultMethodInvokingMethodInterceptor.java:70) ~[spring-data-commons-3.2.6.jar:3.2.6]
	at org.springframework.aop.framework.ReflectiveMethodInvocation.proceed(ReflectiveMethodInvocation.java:184) ~[spring-aop-6.1.8.jar:6.1.8]
	at org.springframework.transaction.interceptor.TransactionInterceptor$1.proceedWithInvocation(TransactionInterceptor.java:123) ~[spring-tx-6.1.8.jar:6.1.8]
	at org.springframework.transaction.interceptor.TransactionAspectSupport.invokeWithinTransaction(TransactionAspectSupport.java:392) ~[spring-tx-6.1.8.jar:6.1.8]
	at org.springframework.transaction.interceptor.TransactionInterceptor.invoke(TransactionInterceptor.java:119) ~[spring-tx-6.1.8.jar:6.1.8]
	at org.springframework.aop.framework.ReflectiveMethodInvocation.proceed(ReflectiveMethodInvocation.java:184) ~[spring-aop-6.1.8.jar:6.1.8]
	at org.springframework.dao.support.PersistenceExceptionTranslationInterceptor.invoke(PersistenceExceptionTranslationInterceptor.java:137) ~[spring-tx-6.1.8.jar:6.1.8]
	at org.springframework.aop.framework.ReflectiveMethodInvocation.proceed(ReflectiveMethodInvocation.java:184) ~[spring-aop-6.1.8.jar:6.1.8]
	at org.springframework.data.jpa.repository.support.CrudMethodMetadataPostProcessor$CrudMethodMetadataPopulatingMethodInterceptor.invoke(CrudMethodMetadataPostProcessor.java:135) ~[spring-data-jpa-3.2.6.jar:3.2.6]
	at org.springframework.aop.framework.ReflectiveMethodInvocation.proceed(ReflectiveMethodInvocation.java:184) ~[spring-aop-6.1.8.jar:6.1.8]
	at org.springframework.aop.interceptor.ExposeInvocationInterceptor.invoke(ExposeInvocationInterceptor.java:97) ~[spring-aop-6.1.8.jar:6.1.8]
	at org.springframework.aop.framework.ReflectiveMethodInvocation.proceed(ReflectiveMethodInvocation.java:184) ~[spring-aop-6.1.8.jar:6.1.8]
	at org.springframework.aop.framework.JdkDynamicAopProxy.invoke(JdkDynamicAopProxy.java:223) ~[spring-aop-6.1.8.jar:6.1.8]
	at jdk.proxy2/jdk.proxy2.$Proxy137.consultarInventario(Unknown Source) ~[na:na]
	at com.muebleria.inventarios.services.InventarioService.consultarInventario(InventarioService.java:32) ~[classes/:na]
	at com.muebleria.inventarios.controllers.InventarioController.getAll(InventarioController.java:43) ~[classes/:na]
	at java.base/jdk.internal.reflect.NativeMethodAccessorImpl.invoke0(Native Method) ~[na:na]
	at java.base/jdk.internal.reflect.NativeMethodAccessorImpl.invoke(NativeMethodAccessorImpl.java:77) ~[na:na]
	at java.base/jdk.internal.reflect.DelegatingMethodAccessorImpl.invoke(DelegatingMethodAccessorImpl.java:43) ~[na:na]
	at java.base/java.lang.reflect.Method.invoke(Method.java:568) ~[na:na]
	at org.springframework.aop.support.AopUtils.invokeJoinpointUsingReflection(AopUtils.java:354) ~[spring-aop-6.1.8.jar:6.1.8]
	at org.springframework.aop.framework.ReflectiveMethodInvocation.invokeJoinpoint(ReflectiveMethodInvocation.java:196) ~[spring-aop-6.1.8.jar:6.1.8]
	at org.springframework.aop.framework.ReflectiveMethodInvocation.proceed(ReflectiveMethodInvocation.java:163) ~[spring-aop-6.1.8.jar:6.1.8]
	at org.springframework.aop.framework.CglibAopProxy$CglibMethodInvocation.proceed(CglibAopProxy.java:768) ~[spring-aop-6.1.8.jar:6.1.8]
	at org.springframework.transaction.interceptor.TransactionInterceptor$1.proceedWithInvocation(TransactionInterceptor.java:123) ~[spring-tx-6.1.8.jar:6.1.8]
	at org.springframework.transaction.interceptor.TransactionAspectSupport.invokeWithinTransaction(TransactionAspectSupport.java:392) ~[spring-tx-6.1.8.jar:6.1.8]
	at org.springframework.transaction.interceptor.TransactionInterceptor.invoke(TransactionInterceptor.java:119) ~[spring-tx-6.1.8.jar:6.1.8]
	at org.springframework.aop.framework.ReflectiveMethodInvocation.proceed(ReflectiveMethodInvocation.java:184) ~[spring-aop-6.1.8.jar:6.1.8]
	at org.springframework.aop.framework.CglibAopProxy$CglibMethodInvocation.proceed(CglibAopProxy.java:768) ~[spring-aop-6.1.8.jar:6.1.8]
	at org.springframework.aop.framework.CglibAopProxy$DynamicAdvisedInterceptor.intercept(CglibAopProxy.java:720) ~[spring-aop-6.1.8.jar:6.1.8]
	at com.muebleria.inventarios.controllers.InventarioController$$SpringCGLIB$$0.getAll(<generated>) ~[classes/:na]
	at java.base/jdk.internal.reflect.NativeMethodAccessorImpl.invoke0(Native Method) ~[na:na]
	at java.base/jdk.internal.reflect.NativeMethodAccessorImpl.invoke(NativeMethodAccessorImpl.java:77) ~[na:na]
	at java.base/jdk.internal.reflect.DelegatingMethodAccessorImpl.invoke(DelegatingMethodAccessorImpl.java:43) ~[na:na]
	at java.base/java.lang.reflect.Method.invoke(Method.java:568) ~[na:na]
	at org.springframework.web.method.support.InvocableHandlerMethod.doInvoke(InvocableHandlerMethod.java:255) ~[spring-web-6.1.8.jar:6.1.8]
	at org.springframework.web.method.support.InvocableHandlerMethod.invokeForRequest(InvocableHandlerMethod.java:188) ~[spring-web-6.1.8.jar:6.1.8]
	at org.springframework.web.servlet.mvc.method.annotation.ServletInvocableHandlerMethod.invokeAndHandle(ServletInvocableHandlerMethod.java:118) ~[spring-webmvc-6.1.8.jar:6.1.8]
	at org.springframework.web.servlet.mvc.method.annotation.RequestMappingHandlerAdapter.invokeHandlerMethod(RequestMappingHandlerAdapter.java:926) ~[spring-webmvc-6.1.8.jar:6.1.8]
	at org.springframework.web.servlet.mvc.method.annotation.RequestMappingHandlerAdapter.handleInternal(RequestMappingHandlerAdapter.java:831) ~[spring-webmvc-6.1.8.jar:6.1.8]
	at org.springframework.web.servlet.mvc.method.AbstractHandlerMethodAdapter.handle(AbstractHandlerMethodAdapter.java:87) ~[spring-webmvc-6.1.8.jar:6.1.8]
	at org.springframework.web.servlet.DispatcherServlet.doDispatch(DispatcherServlet.java:1089) ~[spring-webmvc-6.1.8.jar:6.1.8]
	at org.springframework.web.servlet.DispatcherServlet.doService(DispatcherServlet.java:979) ~[spring-webmvc-6.1.8.jar:6.1.8]
	at org.springframework.web.servlet.FrameworkServlet.processRequest(FrameworkServlet.java:1014) ~[spring-webmvc-6.1.8.jar:6.1.8]
	at org.springframework.web.servlet.FrameworkServlet.doGet(FrameworkServlet.java:903) ~[spring-webmvc-6.1.8.jar:6.1.8]
	at jakarta.servlet.http.HttpServlet.service(HttpServlet.java:564) ~[tomcat-embed-core-10.1.24.jar:6.0]
	at org.springframework.web.servlet.FrameworkServlet.service(FrameworkServlet.java:885) ~[spring-webmvc-6.1.8.jar:6.1.8]
	at jakarta.servlet.http.HttpServlet.service(HttpServlet.java:658) ~[tomcat-embed-core-10.1.24.jar:6.0]
	at org.apache.catalina.core.ApplicationFilterChain.internalDoFilter(ApplicationFilterChain.java:195) ~[tomcat-embed-core-10.1.24.jar:10.1.24]
	at org.apache.catalina.core.ApplicationFilterChain.doFilter(ApplicationFilterChain.java:140) ~[tomcat-embed-core-10.1.24.jar:10.1.24]
	at org.apache.tomcat.websocket.server.WsFilter.doFilter(WsFilter.java:51) ~[tomcat-embed-websocket-10.1.24.jar:10.1.24]
	at org.apache.catalina.core.ApplicationFilterChain.internalDoFilter(ApplicationFilterChain.java:164) ~[tomcat-embed-core-10.1.24.jar:10.1.24]
	at org.apache.catalina.core.ApplicationFilterChain.doFilter(ApplicationFilterChain.java:140) ~[tomcat-embed-core-10.1.24.jar:10.1.24]
	at org.springframework.web.filter.RequestContextFilter.doFilterInternal(RequestContextFilter.java:100) ~[spring-web-6.1.8.jar:6.1.8]
	at org.springframework.web.filter.OncePerRequestFilter.doFilter(OncePerRequestFilter.java:116) ~[spring-web-6.1.8.jar:6.1.8]
	at org.apache.catalina.core.ApplicationFilterChain.internalDoFilter(ApplicationFilterChain.java:164) ~[tomcat-embed-core-10.1.24.jar:10.1.24]
	at org.apache.catalina.core.ApplicationFilterChain.doFilter(ApplicationFilterChain.java:140) ~[tomcat-embed-core-10.1.24.jar:10.1.24]
	at org.springframework.web.filter.FormContentFilter.doFilterInternal(FormContentFilter.java:93) ~[spring-web-6.1.8.jar:6.1.8]
	at org.springframework.web.filter.OncePerRequestFilter.doFilter(OncePerRequestFilter.java:116) ~[spring-web-6.1.8.jar:6.1.8]
	at org.apache.catalina.core.ApplicationFilterChain.internalDoFilter(ApplicationFilterChain.java:164) ~[tomcat-embed-core-10.1.24.jar:10.1.24]
	at org.apache.catalina.core.ApplicationFilterChain.doFilter(ApplicationFilterChain.java:140) ~[tomcat-embed-core-10.1.24.jar:10.1.24]
	at org.springframework.web.filter.CharacterEncodingFilter.doFilterInternal(CharacterEncodingFilter.java:201) ~[spring-web-6.1.8.jar:6.1.8]
	at org.springframework.web.filter.OncePerRequestFilter.doFilter(OncePerRequestFilter.java:116) ~[spring-web-6.1.8.jar:6.1.8]
	at org.apache.catalina.core.ApplicationFilterChain.internalDoFilter(ApplicationFilterChain.java:164) ~[tomcat-embed-core-10.1.24.jar:10.1.24]
	at org.apache.catalina.core.ApplicationFilterChain.doFilter(ApplicationFilterChain.java:140) ~[tomcat-embed-core-10.1.24.jar:10.1.24]
	at org.apache.catalina.core.StandardWrapperValve.invoke(StandardWrapperValve.java:167) ~[tomcat-embed-core-10.1.24.jar:10.1.24]
	at org.apache.catalina.core.StandardContextValve.invoke(StandardContextValve.java:90) ~[tomcat-embed-core-10.1.24.jar:10.1.24]
	at org.apache.catalina.authenticator.AuthenticatorBase.invoke(AuthenticatorBase.java:482) ~[tomcat-embed-core-10.1.24.jar:10.1.24]
	at org.apache.catalina.core.StandardHostValve.invoke(StandardHostValve.java:115) ~[tomcat-embed-core-10.1.24.jar:10.1.24]
	at org.apache.catalina.valves.ErrorReportValve.invoke(ErrorReportValve.java:93) ~[tomcat-embed-core-10.1.24.jar:10.1.24]
	at org.apache.catalina.core.StandardEngineValve.invoke(StandardEngineValve.java:74) ~[tomcat-embed-core-10.1.24.jar:10.1.24]
	at org.apache.catalina.connector.CoyoteAdapter.service(CoyoteAdapter.java:344) ~[tomcat-embed-core-10.1.24.jar:10.1.24]
	at org.apache.coyote.http11.Http11Processor.service(Http11Processor.java:389) ~[tomcat-embed-core-10.1.24.jar:10.1.24]
	at org.apache.coyote.AbstractProcessorLight.process(AbstractProcessorLight.java:63) ~[tomcat-embed-core-10.1.24.jar:10.1.24]
	at org.apache.coyote.AbstractProtocol$ConnectionHandler.process(AbstractProtocol.java:896) ~[tomcat-embed-core-10.1.24.jar:10.1.24]
	at org.apache.tomcat.util.net.NioEndpoint$SocketProcessor.doRun(NioEndpoint.java:1741) ~[tomcat-embed-core-10.1.24.jar:10.1.24]
	at org.apache.tomcat.util.net.SocketProcessorBase.run(SocketProcessorBase.java:52) ~[tomcat-embed-core-10.1.24.jar:10.1.24]
	at org.apache.tomcat.util.threads.ThreadPoolExecutor.runWorker(ThreadPoolExecutor.java:1190) ~[tomcat-embed-core-10.1.24.jar:10.1.24]
	at org.apache.tomcat.util.threads.ThreadPoolExecutor$Worker.run(ThreadPoolExecutor.java:659) ~[tomcat-embed-core-10.1.24.jar:10.1.24]
	at org.apache.tomcat.util.threads.TaskThread$WrappingRunnable.run(TaskThread.java:63) ~[tomcat-embed-core-10.1.24.jar:10.1.24]
	at java.base/java.lang.Thread.run(Thread.java:842) ~[na:na]

2024-06-17T14:36:56.565-06:00  INFO 19136 --- [inventarios] [http-nio-8080-exec-6] o.springdoc.api.AbstractOpenApiResource  : Init duration for springdoc-openapi is: 2427 ms
2024-06-17T14:41:47.757-06:00  INFO 19136 --- [inventarios] [SpringApplicationShutdownHook] j.LocalContainerEntityManagerFactoryBean : Closing JPA EntityManagerFactory for persistence unit 'default'
2024-06-17T14:41:47.796-06:00  INFO 19136 --- [inventarios] [SpringApplicationShutdownHook] com.zaxxer.hikari.HikariDataSource       : HikariPool-1 - Shutdown initiated...
2024-06-17T14:41:47.978-06:00  INFO 19136 --- [inventarios] [SpringApplicationShutdownHook] com.zaxxer.hikari.HikariDataSource       : HikariPool-1 - Shutdown completed.
